Performing C SOURCE FILE Test CMAKE_HAVE_LIBC_PTHREAD failed with the following output:
Change Dir: /home/czy/czy_ws_1/build/CMakeFiles/CMakeTmp

Run Build Command(s):/usr/bin/make -f Makefile cmTC_bfb1c/fast && /usr/bin/make  -f CMakeFiles/cmTC_bfb1c.dir/build.make CMakeFiles/cmTC_bfb1c.dir/build
make[1]: 进入目录“/home/czy/czy_ws_1/build/CMakeFiles/CMakeTmp”
Building C object CMakeFiles/cmTC_bfb1c.dir/src.c.o
/usr/bin/cc -DCMAKE_HAVE_LIBC_PTHREAD   -o CMakeFiles/cmTC_bfb1c.dir/src.c.o -c /home/czy/czy_ws_1/build/CMakeFiles/CMakeTmp/src.c
Linking C executable cmTC_bfb1c
/usr/local/bin/cmake -E cmake_link_script CMakeFiles/cmTC_bfb1c.dir/link.txt --verbose=1
/usr/bin/cc CMakeFiles/cmTC_bfb1c.dir/src.c.o -o cmTC_bfb1c 
/usr/bin/ld: CMakeFiles/cmTC_bfb1c.dir/src.c.o: in function `main':
src.c:(.text+0x46): undefined reference to `pthread_create'
/usr/bin/ld: src.c:(.text+0x52): undefined reference to `pthread_detach'
/usr/bin/ld: src.c:(.text+0x5e): undefined reference to `pthread_cancel'
/usr/bin/ld: src.c:(.text+0x6f): undefined reference to `pthread_join'
collect2: error: ld returned 1 exit status
make[1]: *** [CMakeFiles/cmTC_bfb1c.dir/build.make:99：cmTC_bfb1c] 错误 1
make[1]: 离开目录“/home/czy/czy_ws_1/build/CMakeFiles/CMakeTmp”
make: *** [Makefile:127：cmTC_bfb1c/fast] 错误 2


Source file was:
#include <pthread.h>

static void* test_func(void* data)
{
  return data;
}

int main(void)
{
  pthread_t thread;
  pthread_create(&thread, NULL, test_func, NULL);
  pthread_detach(thread);
  pthread_cancel(thread);
  pthread_join(thread, NULL);
  pthread_atfork(NULL, NULL, NULL);
  pthread_exit(NULL);

  return 0;
}

Determining if the function pthread_create exists in the pthreads failed with the following output:
Change Dir: /home/czy/czy_ws_1/build/CMakeFiles/CMakeTmp

Run Build Command(s):/usr/bin/make -f Makefile cmTC_4afa1/fast && /usr/bin/make  -f CMakeFiles/cmTC_4afa1.dir/build.make CMakeFiles/cmTC_4afa1.dir/build
make[1]: 进入目录“/home/czy/czy_ws_1/build/CMakeFiles/CMakeTmp”
Building C object CMakeFiles/cmTC_4afa1.dir/CheckFunctionExists.c.o
/usr/bin/cc   -DCHECK_FUNCTION_EXISTS=pthread_create -o CMakeFiles/cmTC_4afa1.dir/CheckFunctionExists.c.o -c /usr/local/share/cmake-3.22/Modules/CheckFunctionExists.c
Linking C executable cmTC_4afa1
/usr/local/bin/cmake -E cmake_link_script CMakeFiles/cmTC_4afa1.dir/link.txt --verbose=1
/usr/bin/cc  -DCHECK_FUNCTION_EXISTS=pthread_create CMakeFiles/cmTC_4afa1.dir/CheckFunctionExists.c.o -o cmTC_4afa1  -lpthreads 
/usr/bin/ld: 找不到 -lpthreads
collect2: error: ld returned 1 exit status
make[1]: *** [CMakeFiles/cmTC_4afa1.dir/build.make:99：cmTC_4afa1] 错误 1
make[1]: 离开目录“/home/czy/czy_ws_1/build/CMakeFiles/CMakeTmp”
make: *** [Makefile:127：cmTC_4afa1/fast] 错误 2



Performing C SOURCE FILE Test CMAKE_HAVE_LIBC_PTHREAD failed with the following output:
Change Dir: /home/czy/czy_ws_1/build/CMakeFiles/CMakeTmp

Run Build Command(s):/home/czy/.local/bin/ninja cmTC_64d32 && [1/2] Building C object CMakeFiles/cmTC_64d32.dir/src.c.o
[2/2] Linking C executable cmTC_64d32
FAILED: cmTC_64d32 
: && /usr/bin/cc   CMakeFiles/cmTC_64d32.dir/src.c.o -o cmTC_64d32   && :
/usr/bin/ld: CMakeFiles/cmTC_64d32.dir/src.c.o: in function `main':
src.c:(.text+0x46): undefined reference to `pthread_create'
/usr/bin/ld: src.c:(.text+0x52): undefined reference to `pthread_detach'
/usr/bin/ld: src.c:(.text+0x5e): undefined reference to `pthread_cancel'
/usr/bin/ld: src.c:(.text+0x6f): undefined reference to `pthread_join'
collect2: error: ld returned 1 exit status
ninja: build stopped: subcommand failed.


Source file was:
#include <pthread.h>

static void* test_func(void* data)
{
  return data;
}

int main(void)
{
  pthread_t thread;
  pthread_create(&thread, NULL, test_func, NULL);
  pthread_detach(thread);
  pthread_cancel(thread);
  pthread_join(thread, NULL);
  pthread_atfork(NULL, NULL, NULL);
  pthread_exit(NULL);

  return 0;
}

Determining if the function pthread_create exists in the pthreads failed with the following output:
Change Dir: /home/czy/czy_ws_1/build/CMakeFiles/CMakeTmp

Run Build Command(s):/home/czy/.local/bin/ninja cmTC_2c952 && [1/2] Building C object CMakeFiles/cmTC_2c952.dir/CheckFunctionExists.c.o
[2/2] Linking C executable cmTC_2c952
FAILED: cmTC_2c952 
: && /usr/bin/cc -DCHECK_FUNCTION_EXISTS=pthread_create  CMakeFiles/cmTC_2c952.dir/CheckFunctionExists.c.o -o cmTC_2c952  -lpthreads && :
/usr/bin/ld: 找不到 -lpthreads
collect2: error: ld returned 1 exit status
ninja: build stopped: subcommand failed.



